[debug] [2024-02-05T06:44:40.738Z] ----------------------------------------------------------------------
[debug] [2024-02-05T06:44:40.740Z] Command:       /Users/greciabueno/.nvm/versions/node/v21.6.1/bin/node /Users/greciabueno/.nvm/versions/node/v21.6.1/bin/firebase init
[debug] [2024-02-05T06:44:40.740Z] CLI Version:   13.1.0
[debug] [2024-02-05T06:44:40.740Z] Platform:      darwin
[debug] [2024-02-05T06:44:40.740Z] Node Version:  v21.6.1
[debug] [2024-02-05T06:44:40.741Z] Time:          Mon Feb 05 2024 00:44:40 GMT-0600 (Central Standard Time)
[debug] [2024-02-05T06:44:40.741Z] ----------------------------------------------------------------------
[debug] 
[debug] [2024-02-05T06:44:40.745Z] > command requires scopes: ["email","openid","https://www.googleapis.com/auth/cloudplatformprojects.readonly","https://www.googleapis.com/auth/firebase","https://www.googleapis.com/auth/cloud-platform"]
[debug] [2024-02-05T06:44:40.746Z] > authorizing via signed-in user (grecia.atx@gmail.com)
[info] 
     ######## #### ########  ######## ########     ###     ######  ########
     ##        ##  ##     ## ##       ##     ##  ##   ##  ##       ##
     ######    ##  ########  ######   ########  #########  ######  ######
     ##        ##  ##    ##  ##       ##     ## ##     ##       ## ##
     ##       #### ##     ## ######## ########  ##     ##  ######  ########

You're about to initialize a Firebase project in this directory:

  /Users/greciabueno/Desktop/my-app

[info] 
=== Project Setup
[info] 
[info] First, let's associate this project directory with a Firebase project.
[info] You can create multiple project aliases by running firebase use --add, 
[info] but for now we'll just set up a default project.
[info] 
[debug] [2024-02-05T06:45:39.599Z] > refreshing access token with scopes: []
[debug] [2024-02-05T06:45:39.601Z] >>> [apiv2][query] POST https://www.googleapis.com/oauth2/v3/token [none]
[debug] [2024-02-05T06:45:39.601Z] >>> [apiv2][body] POST https://www.googleapis.com/oauth2/v3/token [omitted]
[debug] [2024-02-05T06:45:39.757Z] <<< [apiv2][status] POST https://www.googleapis.com/oauth2/v3/token 200
[debug] [2024-02-05T06:45:39.757Z] <<< [apiv2][body] POST https://www.googleapis.com/oauth2/v3/token [omitted]
[debug] [2024-02-05T06:45:39.803Z] >>> [apiv2][query] GET https://firebase.googleapis.com/v1beta1/projects pageSize=100
[debug] [2024-02-05T06:45:40.088Z] <<< [apiv2][status] GET https://firebase.googleapis.com/v1beta1/projects 200
[debug] [2024-02-05T06:45:40.089Z] <<< [apiv2][body] GET https://firebase.googleapis.com/v1beta1/projects [omitted]
[info] i  Using project taskcreator-acc (TaskCreator) 
[info] 
=== Hosting Setup
[debug] [2024-02-05T06:46:22.610Z] >>> [apiv2][query] GET https://firebase.googleapis.com/v1beta1/projects/taskcreator-acc [none]
[debug] [2024-02-05T06:46:22.795Z] <<< [apiv2][status] GET https://firebase.googleapis.com/v1beta1/projects/taskcreator-acc 200
[debug] [2024-02-05T06:46:22.795Z] <<< [apiv2][body] GET https://firebase.googleapis.com/v1beta1/projects/taskcreator-acc {"projectId":"taskcreator-acc","projectNumber":"172009255074","displayName":"TaskCreator","name":"projects/taskcreator-acc","resources":{"hostingSite":"taskcreator-acc"},"state":"ACTIVE","etag":"1_c12e8ff9-d48d-4107-85d6-b4a7e7ea0510"}
[info] 
[info] Your public directory is the folder (relative to your project directory) that
[info] will contain Hosting assets to be uploaded with firebase deploy. If you
[info] have a build process for your assets, use your build's output directory.
[info] 
